mode: set
github.com/quicksilver-zone/quicksilver/x/claimsmanager/keeper/abci.go:8.46,9.2 0 1
github.com/quicksilver-zone/quicksilver/x/claimsmanager/keeper/claims.go:11.131,16.18 5 1
github.com/quicksilver-zone/quicksilver/x/claimsmanager/keeper/claims.go:16.18,18.3 1 1
github.com/quicksilver-zone/quicksilver/x/claimsmanager/keeper/claims.go:20.2,21.19 2 1
github.com/quicksilver-zone/quicksilver/x/claimsmanager/keeper/claims.go:25.140,30.18 5 1
github.com/quicksilver-zone/quicksilver/x/claimsmanager/keeper/claims.go:30.18,32.3 1 1
github.com/quicksilver-zone/quicksilver/x/claimsmanager/keeper/claims.go:34.2,35.19 2 1
github.com/quicksilver-zone/quicksilver/x/claimsmanager/keeper/claims.go:39.63,43.2 3 1
github.com/quicksilver-zone/quicksilver/x/claimsmanager/keeper/claims.go:46.72,50.2 3 1
github.com/quicksilver-zone/quicksilver/x/claimsmanager/keeper/claims.go:53.66,56.2 2 1
github.com/quicksilver-zone/quicksilver/x/claimsmanager/keeper/claims.go:59.75,62.2 2 1
github.com/quicksilver-zone/quicksilver/x/claimsmanager/keeper/claims.go:65.116,67.15 1 1
github.com/quicksilver-zone/quicksilver/x/claimsmanager/keeper/claims.go:67.15,69.3 1 0
github.com/quicksilver-zone/quicksilver/x/claimsmanager/keeper/claims.go:71.2,76.42 5 1
github.com/quicksilver-zone/quicksilver/x/claimsmanager/keeper/claims.go:76.42,80.11 4 1
github.com/quicksilver-zone/quicksilver/x/claimsmanager/keeper/claims.go:80.11,81.9 1 0
github.com/quicksilver-zone/quicksilver/x/claimsmanager/keeper/claims.go:83.3,83.6 1 1
github.com/quicksilver-zone/quicksilver/x/claimsmanager/keeper/claims.go:88.129,90.15 1 1
github.com/quicksilver-zone/quicksilver/x/claimsmanager/keeper/claims.go:90.15,92.3 1 0
github.com/quicksilver-zone/quicksilver/x/claimsmanager/keeper/claims.go:94.2,99.42 5 1
github.com/quicksilver-zone/quicksilver/x/claimsmanager/keeper/claims.go:99.42,103.11 4 1
github.com/quicksilver-zone/quicksilver/x/claimsmanager/keeper/claims.go:103.11,104.9 1 0
github.com/quicksilver-zone/quicksilver/x/claimsmanager/keeper/claims.go:106.3,106.6 1 1
github.com/quicksilver-zone/quicksilver/x/claimsmanager/keeper/claims.go:111.125,113.15 1 1
github.com/quicksilver-zone/quicksilver/x/claimsmanager/keeper/claims.go:113.15,115.3 1 0
github.com/quicksilver-zone/quicksilver/x/claimsmanager/keeper/claims.go:117.2,122.42 5 1
github.com/quicksilver-zone/quicksilver/x/claimsmanager/keeper/claims.go:122.42,126.11 4 1
github.com/quicksilver-zone/quicksilver/x/claimsmanager/keeper/claims.go:126.11,127.9 1 0
github.com/quicksilver-zone/quicksilver/x/claimsmanager/keeper/claims.go:129.3,129.6 1 1
github.com/quicksilver-zone/quicksilver/x/claimsmanager/keeper/claims.go:134.138,136.15 1 0
github.com/quicksilver-zone/quicksilver/x/claimsmanager/keeper/claims.go:136.15,138.3 1 0
github.com/quicksilver-zone/quicksilver/x/claimsmanager/keeper/claims.go:140.2,145.42 5 0
github.com/quicksilver-zone/quicksilver/x/claimsmanager/keeper/claims.go:145.42,149.11 4 0
github.com/quicksilver-zone/quicksilver/x/claimsmanager/keeper/claims.go:149.11,150.9 1 0
github.com/quicksilver-zone/quicksilver/x/claimsmanager/keeper/claims.go:152.3,152.6 1 0
github.com/quicksilver-zone/quicksilver/x/claimsmanager/keeper/claims.go:157.124,159.15 1 1
github.com/quicksilver-zone/quicksilver/x/claimsmanager/keeper/claims.go:159.15,161.3 1 0
github.com/quicksilver-zone/quicksilver/x/claimsmanager/keeper/claims.go:163.2,168.42 5 1
github.com/quicksilver-zone/quicksilver/x/claimsmanager/keeper/claims.go:168.42,172.11 4 1
github.com/quicksilver-zone/quicksilver/x/claimsmanager/keeper/claims.go:172.11,173.9 1 0
github.com/quicksilver-zone/quicksilver/x/claimsmanager/keeper/claims.go:175.3,175.6 1 1
github.com/quicksilver-zone/quicksilver/x/claimsmanager/keeper/claims.go:180.115,182.15 1 1
github.com/quicksilver-zone/quicksilver/x/claimsmanager/keeper/claims.go:182.15,184.3 1 0
github.com/quicksilver-zone/quicksilver/x/claimsmanager/keeper/claims.go:186.2,191.42 5 1
github.com/quicksilver-zone/quicksilver/x/claimsmanager/keeper/claims.go:191.42,195.11 4 1
github.com/quicksilver-zone/quicksilver/x/claimsmanager/keeper/claims.go:195.11,196.9 1 0
github.com/quicksilver-zone/quicksilver/x/claimsmanager/keeper/claims.go:198.3,198.6 1 1
github.com/quicksilver-zone/quicksilver/x/claimsmanager/keeper/claims.go:203.59,210.42 5 1
github.com/quicksilver-zone/quicksilver/x/claimsmanager/keeper/claims.go:210.42,215.3 3 1
github.com/quicksilver-zone/quicksilver/x/claimsmanager/keeper/claims.go:217.2,217.15 1 1
github.com/quicksilver-zone/quicksilver/x/claimsmanager/keeper/claims.go:220.79,222.77 2 1
github.com/quicksilver-zone/quicksilver/x/claimsmanager/keeper/claims.go:222.77,225.3 2 1
github.com/quicksilver-zone/quicksilver/x/claimsmanager/keeper/claims.go:226.2,226.15 1 1
github.com/quicksilver-zone/quicksilver/x/claimsmanager/keeper/claims.go:229.92,231.90 2 1
github.com/quicksilver-zone/quicksilver/x/claimsmanager/keeper/claims.go:231.90,234.3 2 1
github.com/quicksilver-zone/quicksilver/x/claimsmanager/keeper/claims.go:235.2,235.15 1 1
github.com/quicksilver-zone/quicksilver/x/claimsmanager/keeper/claims.go:238.88,240.86 2 1
github.com/quicksilver-zone/quicksilver/x/claimsmanager/keeper/claims.go:240.86,243.3 2 1
github.com/quicksilver-zone/quicksilver/x/claimsmanager/keeper/claims.go:244.2,244.15 1 1
github.com/quicksilver-zone/quicksilver/x/claimsmanager/keeper/claims.go:247.101,249.99 2 0
github.com/quicksilver-zone/quicksilver/x/claimsmanager/keeper/claims.go:249.99,252.3 2 0
github.com/quicksilver-zone/quicksilver/x/claimsmanager/keeper/claims.go:253.2,253.15 1 0
github.com/quicksilver-zone/quicksilver/x/claimsmanager/keeper/claims.go:257.62,262.42 4 1
github.com/quicksilver-zone/quicksilver/x/claimsmanager/keeper/claims.go:262.42,265.3 2 1
github.com/quicksilver-zone/quicksilver/x/claimsmanager/keeper/claims.go:269.71,274.42 4 1
github.com/quicksilver-zone/quicksilver/x/claimsmanager/keeper/claims.go:274.42,277.3 2 1
github.com/quicksilver-zone/quicksilver/x/claimsmanager/keeper/claims.go:281.81,288.42 5 1
github.com/quicksilver-zone/quicksilver/x/claimsmanager/keeper/claims.go:288.42,294.3 5 1
github.com/quicksilver-zone/quicksilver/x/claimsmanager/keeper/grpc_query.go:19.110,20.16 1 1
github.com/quicksilver-zone/quicksilver/x/claimsmanager/keeper/grpc_query.go:20.16,22.3 1 0
github.com/quicksilver-zone/quicksilver/x/claimsmanager/keeper/grpc_query.go:24.2,29.117 4 1
github.com/quicksilver-zone/quicksilver/x/claimsmanager/keeper/grpc_query.go:29.117,31.56 2 1
github.com/quicksilver-zone/quicksilver/x/claimsmanager/keeper/grpc_query.go:31.56,33.4 1 0
github.com/quicksilver-zone/quicksilver/x/claimsmanager/keeper/grpc_query.go:35.3,35.35 1 1
github.com/quicksilver-zone/quicksilver/x/claimsmanager/keeper/grpc_query.go:35.35,38.4 2 1
github.com/quicksilver-zone/quicksilver/x/claimsmanager/keeper/grpc_query.go:40.3,40.20 1 1
github.com/quicksilver-zone/quicksilver/x/claimsmanager/keeper/grpc_query.go:42.2,42.16 1 1
github.com/quicksilver-zone/quicksilver/x/claimsmanager/keeper/grpc_query.go:42.16,44.3 1 0
github.com/quicksilver-zone/quicksilver/x/claimsmanager/keeper/grpc_query.go:46.2,49.8 1 1
github.com/quicksilver-zone/quicksilver/x/claimsmanager/keeper/grpc_query.go:52.117,56.88 3 1
github.com/quicksilver-zone/quicksilver/x/claimsmanager/keeper/grpc_query.go:56.88,59.3 2 1
github.com/quicksilver-zone/quicksilver/x/claimsmanager/keeper/grpc_query.go:61.2,61.53 1 1
github.com/quicksilver-zone/quicksilver/x/claimsmanager/keeper/grpc_query.go:64.112,70.83 4 1
github.com/quicksilver-zone/quicksilver/x/claimsmanager/keeper/grpc_query.go:70.83,75.14 2 1
github.com/quicksilver-zone/quicksilver/x/claimsmanager/keeper/grpc_query.go:75.14,77.4 1 0
github.com/quicksilver-zone/quicksilver/x/claimsmanager/keeper/grpc_query.go:79.3,81.58 2 1
github.com/quicksilver-zone/quicksilver/x/claimsmanager/keeper/grpc_query.go:81.58,83.4 1 1
github.com/quicksilver-zone/quicksilver/x/claimsmanager/keeper/grpc_query.go:84.3,84.15 1 1
github.com/quicksilver-zone/quicksilver/x/claimsmanager/keeper/grpc_query.go:86.2,86.53 1 1
github.com/quicksilver-zone/quicksilver/x/claimsmanager/keeper/grpc_query.go:89.121,94.92 4 1
github.com/quicksilver-zone/quicksilver/x/claimsmanager/keeper/grpc_query.go:94.92,97.14 2 1
github.com/quicksilver-zone/quicksilver/x/claimsmanager/keeper/grpc_query.go:97.14,99.4 1 0
github.com/quicksilver-zone/quicksilver/x/claimsmanager/keeper/grpc_query.go:102.3,104.58 2 1
github.com/quicksilver-zone/quicksilver/x/claimsmanager/keeper/grpc_query.go:104.58,106.4 1 1
github.com/quicksilver-zone/quicksilver/x/claimsmanager/keeper/grpc_query.go:107.3,107.15 1 1
github.com/quicksilver-zone/quicksilver/x/claimsmanager/keeper/grpc_query.go:110.2,110.53 1 1
github.com/quicksilver-zone/quicksilver/x/claimsmanager/keeper/hooks.go:9.100,10.76 1 1
github.com/quicksilver-zone/quicksilver/x/claimsmanager/keeper/hooks.go:10.76,11.65 1 1
github.com/quicksilver-zone/quicksilver/x/claimsmanager/keeper/hooks.go:11.65,14.4 2 0
github.com/quicksilver-zone/quicksilver/x/claimsmanager/keeper/hooks.go:16.2,16.12 1 1
github.com/quicksilver-zone/quicksilver/x/claimsmanager/keeper/hooks.go:19.71,21.2 1 1
github.com/quicksilver-zone/quicksilver/x/claimsmanager/keeper/hooks.go:32.31,34.2 1 1
github.com/quicksilver-zone/quicksilver/x/claimsmanager/keeper/hooks.go:37.99,39.2 1 1
github.com/quicksilver-zone/quicksilver/x/claimsmanager/keeper/hooks.go:41.96,43.2 1 1
github.com/quicksilver-zone/quicksilver/x/claimsmanager/keeper/keeper.go:33.10,34.22 1 1
github.com/quicksilver-zone/quicksilver/x/claimsmanager/keeper/keeper.go:34.22,35.28 1 0
github.com/quicksilver-zone/quicksilver/x/claimsmanager/keeper/keeper.go:38.2,42.3 1 1
github.com/quicksilver-zone/quicksilver/x/claimsmanager/keeper/keeper.go:46.52,48.2 1 0
github.com/quicksilver-zone/quicksilver/x/claimsmanager/keeper/keeper.go:50.76,52.42 2 1
github.com/quicksilver-zone/quicksilver/x/claimsmanager/keeper/keeper.go:52.42,54.17 2 0
github.com/quicksilver-zone/quicksilver/x/claimsmanager/keeper/keeper.go:54.17,57.4 2 0
github.com/quicksilver-zone/quicksilver/x/claimsmanager/keeper/keeper.go:59.3,62.4 1 0
github.com/quicksilver-zone/quicksilver/x/claimsmanager/keeper/keeper.go:63.8,69.3 1 1
github.com/quicksilver-zone/quicksilver/x/claimsmanager/keeper/keeper.go:71.2,72.16 2 1
github.com/quicksilver-zone/quicksilver/x/claimsmanager/keeper/keeper.go:72.16,75.3 2 0
github.com/quicksilver-zone/quicksilver/x/claimsmanager/keeper/keeper.go:77.2,80.12 3 1
github.com/quicksilver-zone/quicksilver/x/claimsmanager/keeper/msg_server.go:13.54,15.2 1 1
github.com/quicksilver-zone/quicksilver/x/claimsmanager/keeper/self_consensus_state.go:12.102,17.15 4 1
github.com/quicksilver-zone/quicksilver/x/claimsmanager/keeper/self_consensus_state.go:17.15,19.3 1 1
github.com/quicksilver-zone/quicksilver/x/claimsmanager/keeper/self_consensus_state.go:20.2,21.33 2 1
github.com/quicksilver-zone/quicksilver/x/claimsmanager/keeper/self_consensus_state.go:25.106,28.2 2 1
github.com/quicksilver-zone/quicksilver/x/claimsmanager/keeper/self_consensus_state.go:31.71,34.2 2 1
