mode: set
github.com/quicksilver-zone/quicksilver/x/epochs/keeper/abci.go:14.48,17.79 3 1
github.com/quicksilver-zone/quicksilver/x/epochs/keeper/abci.go:17.79,26.10 5 1
github.com/quicksilver-zone/quicksilver/x/epochs/keeper/abci.go:27.32,29.69 2 1
github.com/quicksilver-zone/quicksilver/x/epochs/keeper/abci.go:30.25,40.35 4 1
github.com/quicksilver-zone/quicksilver/x/epochs/keeper/abci.go:41.11,43.16 1 1
github.com/quicksilver-zone/quicksilver/x/epochs/keeper/abci.go:46.3,58.15 4 1
github.com/quicksilver-zone/quicksilver/x/epochs/keeper/abci.go:62.67,67.2 4 1
github.com/quicksilver-zone/quicksilver/x/epochs/keeper/abci.go:69.58,73.2 3 1
github.com/quicksilver-zone/quicksilver/x/epochs/keeper/epoch.go:11.83,15.18 4 1
github.com/quicksilver-zone/quicksilver/x/epochs/keeper/epoch.go:15.18,17.3 1 0
github.com/quicksilver-zone/quicksilver/x/epochs/keeper/epoch.go:19.2,20.14 2 1
github.com/quicksilver-zone/quicksilver/x/epochs/keeper/epoch.go:24.71,28.2 3 1
github.com/quicksilver-zone/quicksilver/x/epochs/keeper/epoch.go:31.70,34.2 2 1
github.com/quicksilver-zone/quicksilver/x/epochs/keeper/epoch.go:37.113,45.42 5 1
github.com/quicksilver-zone/quicksilver/x/epochs/keeper/epoch.go:45.42,51.11 4 1
github.com/quicksilver-zone/quicksilver/x/epochs/keeper/epoch.go:51.11,52.9 1 0
github.com/quicksilver-zone/quicksilver/x/epochs/keeper/epoch.go:54.3,54.6 1 1
github.com/quicksilver-zone/quicksilver/x/epochs/keeper/epoch.go:59.67,61.79 2 1
github.com/quicksilver-zone/quicksilver/x/epochs/keeper/epoch.go:61.79,64.3 2 1
github.com/quicksilver-zone/quicksilver/x/epochs/keeper/epoch.go:65.2,65.15 1 1
github.com/quicksilver-zone/quicksilver/x/epochs/keeper/grpc_query.go:19.123,20.16 1 1
github.com/quicksilver-zone/quicksilver/x/epochs/keeper/grpc_query.go:20.16,22.3 1 0
github.com/quicksilver-zone/quicksilver/x/epochs/keeper/grpc_query.go:24.2,29.84 4 1
github.com/quicksilver-zone/quicksilver/x/epochs/keeper/grpc_query.go:29.84,31.56 2 1
github.com/quicksilver-zone/quicksilver/x/epochs/keeper/grpc_query.go:31.56,33.4 1 0
github.com/quicksilver-zone/quicksilver/x/epochs/keeper/grpc_query.go:34.3,35.13 2 1
github.com/quicksilver-zone/quicksilver/x/epochs/keeper/grpc_query.go:37.2,37.16 1 1
github.com/quicksilver-zone/quicksilver/x/epochs/keeper/grpc_query.go:37.16,39.3 1 0
github.com/quicksilver-zone/quicksilver/x/epochs/keeper/grpc_query.go:41.2,44.8 1 1
github.com/quicksilver-zone/quicksilver/x/epochs/keeper/grpc_query.go:48.129,49.16 1 1
github.com/quicksilver-zone/quicksilver/x/epochs/keeper/grpc_query.go:49.16,51.3 1 1
github.com/quicksilver-zone/quicksilver/x/epochs/keeper/grpc_query.go:53.2,59.8 3 1
github.com/quicksilver-zone/quicksilver/x/epochs/keeper/hooks.go:8.87,10.16 2 1
github.com/quicksilver-zone/quicksilver/x/epochs/keeper/hooks.go:10.16,12.3 1 0
github.com/quicksilver-zone/quicksilver/x/epochs/keeper/hooks.go:16.90,18.16 2 1
github.com/quicksilver-zone/quicksilver/x/epochs/keeper/hooks.go:18.16,20.3 1 0
github.com/quicksilver-zone/quicksilver/x/epochs/keeper/keeper.go:23.70,28.2 1 1
github.com/quicksilver-zone/quicksilver/x/epochs/keeper/keeper.go:31.56,32.20 1 1
github.com/quicksilver-zone/quicksilver/x/epochs/keeper/keeper.go:32.20,33.41 1 0
github.com/quicksilver-zone/quicksilver/x/epochs/keeper/keeper.go:36.2,38.10 2 1
github.com/quicksilver-zone/quicksilver/x/epochs/keeper/keeper.go:42.51,44.2 1 1
